<?xml version="1.0" encoding="UTF-8"?>
<!-- Generated by org.testng.reporters.JUnitReportReporter -->
<testsuite hostname="sidharth" failures="0" tests="1" name="test.TestCreateCustomer" time="58.425" errors="0" timestamp="2021-07-21T11:11:36 IST" skipped="0">
  <testcase classname="test.TestCreateCustomer" name="creatcustomer" time="58.425"/>
  <system-out/>
</testsuite> <!-- test.TestCreateCustomer -->
