<?xml version="1.0" encoding="UTF-8"?>
<!-- Generated by org.testng.reporters.JUnitReportReporter -->
<testsuite hostname="sidharth" failures="0" tests="3" name="acctitimepakage.PraticsClass" time="32.655" errors="0" timestamp="2021-06-30T22:35:42 IST" skipped="0">
  <testcase classname="acctitimepakage.PraticsClass" name="m1" time="24.047"/>
  <system-out/>
  <testcase classname="acctitimepakage.PraticsClass" name="m2" time="8.600"/>
  <system-out/>
  <testcase classname="acctitimepakage.PraticsClass" name="m3" time="0.008"/>
  <system-out/>
</testsuite> <!-- acctitimepakage.PraticsClass -->
