<?xml version="1.0" encoding="UTF-8"?>
<!-- Generated by org.testng.reporters.JUnitReportReporter -->
<testsuite hostname="sidharth" failures="0" tests="1" name="Test_case.TC_Cristal_001" time="67.016" errors="0" timestamp="2021-09-27T22:21:46 IST" skipped="0">
  <testcase classname="Test_case.TC_Cristal_001" name="starting" time="67.016"/>
  <system-out/>
</testsuite> <!-- Test_case.TC_Cristal_001 -->
