<?xml version="1.0" encoding="UTF-8"?>
<!-- Generated by org.testng.reporters.JUnitReportReporter -->
<testsuite hostname="sidharth" failures="0" tests="1" name="ActiTime.TestNGDependrnce" time="1.530" errors="0" timestamp="2021-07-17T00:24:55 IST" skipped="0">
  <testcase classname="ActiTime.TestNGDependrnce" name="loginPage" time="1.530"/>
  <system-out/>
</testsuite> <!-- ActiTime.TestNGDependrnce -->
